<?xml version="1.0" encoding="UTF-8"?>
<testsuite name="TestSuite" time="998.391" tests="27" errors="0" skipped="0" failures="0">
  <properties>
    <property name="java.vendor" value="Oracle Corporation"/>
    <property name="JOB_NAME" value="imeddoc"/>
    <property name="sun.java.launcher" value="SUN_STANDARD"/>
    <property name="NUMBER_OF_PROCESSORS" value="2"/>
    <property name="sun.management.compiler" value="HotSpot Client Compiler"/>
    <property name="JENKINS_HOME" value="C:\Users\kmmuser\.jenkins"/>
    <property name="HUDSON_SERVER_COOKIE" value="4a871f0b47c90f9b"/>
    <property name="POM_ARTIFACTID" value="projects"/>
    <property name="os.name" value="Windows 7"/>
    <property name="sun.boot.class.path" value="C:\Program Files\Java\jdk1.7.0_45\jre\lib\resources.jar;C:\Program Files\Java\jdk1.7.0_45\jre\lib\rt.jar;C:\Program Files\Java\jdk1.7.0_45\jre\lib\sunrsasign.jar;C:\Program Files\Java\jdk1.7.0_45\jre\lib\jsse.jar;C:\Program Files\Java\jdk1.7.0_45\jre\lib\jce.jar;C:\Program Files\Java\jdk1.7.0_45\jre\lib\charsets.jar;C:\Program Files\Java\jdk1.7.0_45\jre\lib\jfr.jar;C:\Program Files\Java\jdk1.7.0_45\jre\classes"/>
    <property name="EXECUTOR_NUMBER" value="1"/>
    <property name="sun.desktop" value="windows"/>
    <property name="PATHEXT" value=".COM;.EXE;.BAT;.CMD;.VBS;.VBE;.JS;.JSE;.WSF;.WSH;.MSC"/>
    <property name="java.vm.specification.vendor" value="Oracle Corporation"/>
    <property name="POM_DISPLAYNAME" value="projects"/>
    <property name="NODE_LABELS" value="master"/>
    <property name="TEMP" value="C:\Users\kmmuser\AppData\Local\Temp"/>
    <property name="java.runtime.version" value="1.7.0_45-b18"/>
    <property name="user.name" value="kmmuser"/>
    <property name="guice.disable.misplaced.annotation.check" value="true"/>
    <property name="ProgramFiles" value="C:\Program Files"/>
    <property name="PROMPT" value="$P$G"/>
    <property name="user.language" value="en"/>
    <property name="BUILD_DISPLAY_NAME" value="#7"/>
    <property name="sun.boot.library.path" value="C:\Program Files\Java\jdk1.7.0_45\jre\bin"/>
    <property name="LOCALAPPDATA" value="C:\Users\kmmuser\AppData\Local"/>
    <property name="java.version" value="1.7.0_45"/>
    <property name="PROCESSOR_LEVEL" value="6"/>
    <property name="user.timezone" value="Asia/Calcutta"/>
    <property name="USERNAME" value="kmmuser"/>
    <property name="sun.arch.data.model" value="32"/>
    <property name="NODE_NAME" value="master"/>
    <property name="java.endorsed.dirs" value="C:\Program Files\Java\jdk1.7.0_45\jre\lib\endorsed"/>
    <property name="BUILD_ID" value="2014-10-23_12-11-15"/>
    <property name="sun.cpu.isalist" value="pentium_pro+mmx pentium_pro pentium+mmx pentium i486 i386 i86"/>
    <property name="sun.jnu.encoding" value="Cp1252"/>
    <property name="file.encoding.pkg" value="sun.io"/>
    <property name="file.separator" value="\"/>
    <property name="java.specification.name" value="Java Platform API Specification"/>
    <property name="HOMEDRIVE" value="C:"/>
    <property name="java.class.version" value="51.0"/>
    <property name="=::" value="::\"/>
    <property name="org.slf4j.simpleLogger.defaultLogLevel" value="info"/>
    <property name="user.country" value="US"/>
    <property name="ALLUSERSPROFILE" value="C:\ProgramData"/>
    <property name="java.home" value="C:\Program Files\Java\jdk1.7.0_45\jre"/>
    <property name="java.vm.info" value="mixed mode, sharing"/>
    <property name="os.version" value="6.1"/>
    <property name="POM_VERSION" value="0.0.1-SNAPSHOT"/>
    <property name="TMP" value="C:\Users\kmmuser\AppData\Local\Temp"/>
    <property name="path.separator" value=";"/>
    <property name="java.vm.version" value="24.45-b08"/>
    <property name="user.variant" value=""/>
    <property name="java.awt.printerjob" value="sun.awt.windows.WPrinterJob"/>
    <property name="FP_NO_HOST_CHECK" value="NO"/>
    <property name="JAVA_HOME" value="C:\Program Files\Java\jdk1.7.0_45"/>
    <property name="sun.io.unicode.encoding" value="UnicodeLittle"/>
    <property name="CommonProgramFiles" value="C:\Program Files\Common Files"/>
    <property name="ComSpec" value="C:\Windows\system32\cmd.exe"/>
    <property name="HOMEPATH" value="\Users\kmmuser"/>
    <property name="awt.toolkit" value="sun.awt.windows.WToolkit"/>
    <property name="POM_PACKAGING" value="jar"/>
    <property name="COMPUTERNAME" value="KMM-DEV-10"/>
    <property name="user.script" value=""/>
    <property name="POM_GROUPID" value="mymaven"/>
    <property name="PUBLIC" value="C:\Users\Public"/>
    <property name="user.home" value="C:\Users\kmmuser"/>
    <property name="BUILD_TAG" value="jenkins-imeddoc-7"/>
    <property name="JENKINS_SERVER_COOKIE" value="4a871f0b47c90f9b"/>
    <property name="HUDSON_URL" value="http://localhost:8080/"/>
    <property name="ProgramData" value="C:\ProgramData"/>
    <property name="java.specification.vendor" value="Oracle Corporation"/>
    <property name="USERPROFILE" value="C:\Users\kmmuser"/>
    <property name="CLASSPATH" value=""/>
    <property name="java.vendor.url" value="http://java.oracle.com/"/>
    <property name="java.library.path" value="C:\Program Files\Java\jdk1.7.0_45\bin;C:\Windows\Sun\Java\bin;C:\Windows\system32;C:\Windows;C:\Users\kmmuser\Desktop\apache-maven-3.2.3/bin;C:\Program Files\Java\jdk1.7.0_45/bin;C:\Program Files\Java\jdk1.7.0_45/bin;C:\Program Files\Java\jdk1.7.0_45\bin;C:\Program Files\Internet Explorer;C:\Windows\system32;C:\Windows;C:\Windows\System32\Wbem;C:\Windows\System32\WindowsPowerShell\v1.0\;C:\Users\kmmuser\AppData\Local\Programs\Git\cmd;."/>
    <property name="java.vm.vendor" value="Oracle Corporation"/>
    <property name="APPDATA" value="C:\Users\kmmuser\AppData\Roaming"/>
    <property name="java.runtime.name" value="Java(TM) SE Runtime Environment"/>
    <property name="maven.home" value="C:\Users\kmmuser\Desktop\apache-maven-3.2.3"/>
    <property name="java.class.path" value="C:\Users\kmmuser\.jenkins\plugins\maven-plugin\WEB-INF\lib\maven31-agent-1.5.jar;C:\Users\kmmuser\Desktop\apache-maven-3.2.3\boot\plexus-classworlds-2.5.1.jar;C:\Users\kmmuser\Desktop\apache-maven-3.2.3/conf/logging"/>
    <property name="sun.java.command" value="jenkins.maven3.agent.Maven31Main C:\Users\kmmuser\Desktop\apache-maven-3.2.3 C:\Users\kmmuser\.jenkins\war\WEB-INF\lib\remoting-2.46.jar C:\Users\kmmuser\.jenkins\plugins\maven-plugin\WEB-INF\lib\maven31-interceptor-1.5.jar C:\Users\kmmuser\.jenkins\plugins\maven-plugin\WEB-INF\lib\maven3-interceptor-commons-1.5.jar 49845"/>
    <property name="Path" value="C:\Program Files\Java\jdk1.7.0_45/bin;C:\Program Files\Java\jdk1.7.0_45\bin;C:\Program Files\Internet Explorer;C:\Windows\system32;C:\Windows;C:\Windows\System32\Wbem;C:\Windows\System32\WindowsPowerShell\v1.0\;C:\Users\kmmuser\AppData\Local\Programs\Git\cmd"/>
    <property name="java.vm.specification.name" value="Java Virtual Machine Specification"/>
    <property name="PROCESSOR_ARCHITECTURE" value="x86"/>
    <property name="PATH+JDK" value="C:\Program Files\Java\jdk1.7.0_45/bin"/>
    <property name="PROCESSOR_IDENTIFIER" value="x86 Family 6 Model 15 Stepping 13, GenuineIntel"/>
    <property name="SESSIONNAME" value="Console"/>
    <property name="java.vm.specification.version" value="1.7"/>
    <property name="sun.os.patch.level" value=""/>
    <property name="sun.cpu.endian" value="little"/>
    <property name="M2_HOME" value="C:\Users\kmmuser\Desktop\apache-maven-3.2.3"/>
    <property name="=D:" value="D:\jenkins"/>
    <property name="java.io.tmpdir" value="C:\Users\kmmuser\AppData\Local\Temp\"/>
    <property name="OS" value="Windows_NT"/>
    <property name="HUDSON_HOME" value="C:\Users\kmmuser\.jenkins"/>
    <property name="PATH+MAVEN" value="C:\Users\kmmuser\Desktop\apache-maven-3.2.3/bin"/>
    <property name="BUILD_URL" value="http://localhost:8080/job/imeddoc/7/"/>
    <property name="java.vendor.url.bug" value="http://bugreport.sun.com/bugreport/"/>
    <property name="java.awt.graphicsenv" value="sun.awt.Win32GraphicsEnvironment"/>
    <property name="os.arch" value="x86"/>
    <property name="SystemRoot" value="C:\Windows"/>
    <property name="java.ext.dirs" value="C:\Program Files\Java\jdk1.7.0_45\jre\lib\ext;C:\Windows\Sun\Java\lib\ext"/>
    <property name="user.dir" value="C:\Users\kmmuser\demo\demo_a\demo_a"/>
    <property name="JOB_URL" value="http://localhost:8080/job/imeddoc/"/>
    <property name="LOGONSERVER" value="\\KMM-DEV-10"/>
    <property name="USERDOMAIN" value="KMM-DEV-10"/>
    <property name="line.separator" value="&#10;"/>
    <property name="MAVEN_HOME" value="C:\Users\kmmuser\Desktop\apache-maven-3.2.3"/>
    <property name="java.vm.name" value="Java HotSpot(TM) Client VM"/>
    <property name="BUILD_NUMBER" value="7"/>
    <property name="JENKINS_URL" value="http://localhost:8080/"/>
    <property name="PROCESSOR_REVISION" value="0f0d"/>
    <property name="windir" value="C:\Windows"/>
    <property name="=C:" value="C:\Users\kmmuser"/>
    <property name="file.encoding" value="Cp1252"/>
    <property name="SystemDrive" value="C:"/>
    <property name="maven3.interceptor" value="C:\Users\kmmuser\.jenkins\plugins\maven-plugin\WEB-INF\lib\maven31-interceptor-1.5.jar"/>
    <property name="WORKSPACE" value="C:\Users\kmmuser\.jenkins\jobs\imeddoc\workspace"/>
    <property name="maven3.interceptor.common" value="C:\Users\kmmuser\.jenkins\plugins\maven-plugin\WEB-INF\lib\maven3-interceptor-commons-1.5.jar"/>
    <property name="java.specification.version" value="1.7"/>
    <property name="PSModulePath" value="C:\Windows\system32\WindowsPowerShell\v1.0\Modules\"/>
  </properties>
  <testcase name="startServer" classname="testNGfiles.RunTests" time="9.44"/>
  <testcase name="getUrl" classname="testNGfiles.Loadurl" time="3.401"/>
  <testcase name="getValue" classname="testNGfiles.Sign_In" time="18.486"/>
  <testcase name="receivePatientData" classname="testNGfiles.RCSampleTest" time="236.98"/>
  <testcase name="editPatient" classname="testNGfiles.RCSampleTest" time="46.223"/>
  <testcase name="PatientPage" classname="testNGfiles.GotoPatient" time="6.365"/>
  <testcase name="receiveNOKData" classname="testNGfiles.NextofKin" time="25.584"/>
  <testcase name="editNOKDetails" classname="testNGfiles.NextofKin" time="24.305"/>
  <testcase name="ReadPDFContent" classname="testNGfiles.PrintLabel" time="64.713"/>
  <testcase name="receiveHospitalData" classname="testNGfiles.Hospital" time="18.369"/>
  <testcase name="editHospitalData" classname="testNGfiles.Hospital" time="17.931"/>
  <testcase name="receiveData" classname="testNGfiles.MoreTest" time="13.175"/>
  <testcase name="receiveData" classname="testNGfiles.AddToWaiting" time="59.476"/>
  <testcase name="receiveData" classname="testNGfiles.MedicalCertificate" time="29.203"/>
  <testcase name="editData" classname="testNGfiles.MedicalCertificate" time="31.859"/>
  <testcase name="DeleteRecord" classname="testNGfiles.MedicalCertificate" time="21.035"/>
  <testcase name="PrintReport" classname="testNGfiles.Patient_Report" time="72.423"/>
  <testcase name="PatientDiagnosisAddition" classname="testNGfiles.PatientDiagnosis" time="21.397"/>
  <testcase name="ReceiveGpData" classname="testNGfiles.PatientGPAddition" time="35.479"/>
  <testcase name="ReceiveComplaintData" classname="testNGfiles.PatientSummary" time="24.883"/>
  <testcase name="EditRecord" classname="testNGfiles.PatientSummary" time="11.637"/>
  <testcase name="DeleteRecord" classname="testNGfiles.PatientSummary" time="5.632"/>
  <testcase name="ReceivePersonalHistoryData" classname="testNGfiles.PatientPersonalHistory" time="27.253"/>
  <testcase name="EditPersonalHistory" classname="testNGfiles.PatientPersonalHistory" time="39.294"/>
  <testcase name="ReceiveMedicalHistoryData" classname="testNGfiles.PatientMedicalHistory" time="32.136"/>
  <testcase name="EditMedicalHistoryData" classname="testNGfiles.PatientMedicalHistory" time="33.228"/>
  <testcase name="stopServer" classname="testNGfiles.EndUp" time="68.484"/>
</testsuite>