<?xml version="1.0" encoding="UTF-8"?>
<!-- Generated by org.testng.reporters.JUnitReportReporter -->
<testsuite hostname="KMM-DEV-10" name="testNGfiles.PrintLabel" tests="1" failures="0" timestamp="15 Oct 2014 12:37:13 GMT" time="56.986" errors="0">
  <testcase name="ReadPDFContent" time="56.986" classname="testNGfiles.PrintLabel"/>
</testsuite> <!-- testNGfiles.PrintLabel -->
