<?xml version="1.0" encoding="UTF-8"?>
<!-- Generated by org.testng.reporters.JUnitReportReporter -->
<testsuite hostname="KMM-DEV-10" name="imeddocnew.PatientModify" tests="1" failures="0" timestamp="7 Aug 2014 04:56:39 GMT" time="0.017" errors="0">
  <testcase name="editPatient" time="0.017" classname="imeddocnew.PatientModify"/>
</testsuite> <!-- imeddocnew.PatientModify -->
