<?xml version="1.0" encoding="UTF-8"?>
<!-- Generated by org.testng.reporters.JUnitReportReporter -->
<testsuite hostname="KMM-DEV-10" name="testNGfiles.Hospital" tests="2" failures="0" timestamp="15 Oct 2014 12:37:13 GMT" time="39.039" errors="0">
  <testcase name="editHospitalData" time="19.503" classname="testNGfiles.Hospital"/>
  <testcase name="receiveHospitalData" time="19.536" classname="testNGfiles.Hospital"/>
</testsuite> <!-- testNGfiles.Hospital -->
