<?xml version="1.0" encoding="UTF-8"?>
<!-- Generated by org.testng.reporters.JUnitReportReporter -->
<testsuite hostname="KMM-DEV-10" name="testNGfiles.MedicalCertificate" tests="3" failures="0" timestamp="15 Oct 2014 12:37:13 GMT" time="79.116" errors="0">
  <testcase name="receiveData" time="28.454" classname="testNGfiles.MedicalCertificate"/>
  <testcase name="editData" time="31.551" classname="testNGfiles.MedicalCertificate"/>
  <testcase name="DeleteRecord" time="19.111" classname="testNGfiles.MedicalCertificate"/>
</testsuite> <!-- testNGfiles.MedicalCertificate -->
