<?xml version="1.0" encoding="UTF-8"?>
<!-- Generated by org.testng.reporters.JUnitReportReporter -->
<testsuite hostname="KMM-DEV-10" name="testNGfiles.Sample" tests="1" failures="0" timestamp="25 Oct 2014 12:20:15 GMT" time="44.329" errors="0">
  <testcase name="EditGeneralNotes" time="44.329" classname="testNGfiles.Sample"/>
</testsuite> <!-- testNGfiles.Sample -->
