<?xml version="1.0" encoding="UTF-8"?>
<!-- Generated by org.testng.reporters.JUnitReportReporter -->
<testsuite hostname="KMM-DEV-10" name="testNGfiles.Patient_Report" tests="1" failures="0" timestamp="15 Oct 2014 12:37:13 GMT" time="72.142" errors="0">
  <testcase name="PrintReport" time="72.142" classname="testNGfiles.Patient_Report"/>
</testsuite> <!-- testNGfiles.Patient_Report -->
