<?xml version="1.0" encoding="UTF-8"?>
<!-- Generated by org.testng.reporters.JUnitReportReporter -->
<testsuite hostname="KMM-DEV-10" name="testNGfiles.FilesAndPaths" tests="4" failures="0" timestamp="9 Sep 2014 07:36:43 GMT" time="0.031" errors="0">
  <testcase name="Testlog" time="0.000" classname="testNGfiles.FilesAndPaths"/>
  <testcase name="Testreport" time="0.000" classname="testNGfiles.FilesAndPaths"/>
  <testcase name="PDFDirectory" time="0.016" classname="testNGfiles.FilesAndPaths"/>
  <testcase name="TestData" time="0.015" classname="testNGfiles.FilesAndPaths"/>
</testsuite> <!-- testNGfiles.FilesAndPaths -->
