<?xml version="1.0" encoding="UTF-8"?>
<!-- Generated by org.testng.reporters.JUnitReportReporter -->
<testsuite hostname="KMM-DEV-10" name="testNGfiles.PatientSummary" tests="3" failures="0" timestamp="15 Oct 2014 12:37:13 GMT" time="40.066" errors="0">
  <testcase name="EditRecord" time="11.477" classname="testNGfiles.PatientSummary"/>
  <testcase name="ReceiveComplaintData" time="22.406" classname="testNGfiles.PatientSummary"/>
  <testcase name="DeleteRecord" time="6.183" classname="testNGfiles.PatientSummary"/>
</testsuite> <!-- testNGfiles.PatientSummary -->
