<?xml version="1.0" encoding="UTF-8"?>
<!-- Generated by org.testng.reporters.JUnitReportReporter -->
<testsuite hostname="KMM-DEV-10" name="testNGfiles.Sign_In" tests="1" failures="0" timestamp="15 Oct 2014 12:37:13 GMT" time="7.669" errors="0">
  <testcase name="getValue" time="7.669" classname="testNGfiles.Sign_In"/>
</testsuite> <!-- testNGfiles.Sign_In -->
