<?xml version="1.0" encoding="UTF-8"?>
<!-- Generated by org.testng.reporters.JUnitReportReporter -->
<testsuite hostname="KMM-DEV-10" name="testNGfiles.RCSampleTest" tests="2" failures="0" timestamp="15 Oct 2014 12:37:13 GMT" time="267.851" errors="0">
  <testcase name="editPatient" time="34.923" classname="testNGfiles.RCSampleTest"/>
  <testcase name="receivePatientData" time="232.928" classname="testNGfiles.RCSampleTest"/>
</testsuite> <!-- testNGfiles.RCSampleTest -->
