<?xml version="1.0" encoding="UTF-8"?>
<!-- Generated by org.testng.reporters.JUnitReportReporter -->
<testsuite hostname="KMM-DEV-10" name="javafiles.SendReports" tests="1" failures="0" timestamp="15 Sep 2014 08:45:59 GMT" time="21.325" errors="0">
  <testcase name="sendTestReport" time="21.325" classname="javafiles.SendReports"/>
</testsuite> <!-- javafiles.SendReports -->
