<?xml version="1.0" encoding="UTF-8"?>
<!-- Generated by org.testng.reporters.JUnitReportReporter -->
<testsuite hostname="KMM-DEV-10" name="testNGfiles.RunAllClasses" tests="1" failures="0" timestamp="19 Aug 2014 11:35:49 GMT" time="2.638" errors="0">
  <testcase name="main" time="2.638" classname="testNGfiles.RunAllClasses"/>
</testsuite> <!-- testNGfiles.RunAllClasses -->
