<?xml version="1.0" encoding="UTF-8"?>
<!-- Generated by org.testng.reporters.JUnitReportReporter -->
<testsuite hostname="KMM-DEV-10" name="imeddocnew.RCSampleTest" tests="1" failures="0" timestamp="30 Jul 2014 10:51:17 GMT" time="213.302" errors="0">
  <testcase name="addPatient" time="213.302" classname="imeddocnew.RCSampleTest"/>
</testsuite> <!-- imeddocnew.RCSampleTest -->
