<?xml version="1.0" encoding="UTF-8"?>
<!-- Generated by org.testng.reporters.JUnitReportReporter -->
<testsuite hostname="KMM-DEV-10" name="testNGfiles.NextofKin" tests="2" failures="0" timestamp="15 Oct 2014 12:37:13 GMT" time="47.224" errors="0">
  <testcase name="receiveNOKData" time="25.857" classname="testNGfiles.NextofKin"/>
  <testcase name="editNOKDetails" time="21.367" classname="testNGfiles.NextofKin"/>
</testsuite> <!-- testNGfiles.NextofKin -->
