<?xml version="1.0" encoding="UTF-8"?>
<!-- Generated by org.testng.reporters.JUnitReportReporter -->
<testsuite hostname="KMM-DEV-10" name="testNGfiles.PatientGPAddition" tests="1" failures="0" timestamp="23 Oct 2014 06:58:04 GMT" time="35.479" errors="0">
  <testcase name="ReceiveGpData" time="35.479" classname="testNGfiles.PatientGPAddition"/>
</testsuite>
