<?xml version="1.0" encoding="UTF-8"?>
<!-- Generated by org.testng.reporters.JUnitReportReporter -->
<testsuite hostname="KMM-DEV-10" name="testNGfiles.PrintLabel" tests="1" failures="0" timestamp="23 Oct 2014 06:58:04 GMT" time="64.713" errors="0">
  <testcase name="ReadPDFContent" time="64.713" classname="testNGfiles.PrintLabel"/>
</testsuite>
