<?xml version="1.0" encoding="UTF-8"?>
<!-- Generated by org.testng.reporters.JUnitReportReporter -->
<testsuite hostname="KMM-DEV-10" name="testNGfiles.PatientMedicalHistory" tests="2" failures="0" timestamp="23 Oct 2014 06:58:04 GMT" time="65.364" errors="0">
  <testcase name="ReceiveMedicalHistoryData" time="32.121" classname="testNGfiles.PatientMedicalHistory"/>
  <testcase name="EditMedicalHistoryData" time="33.243" classname="testNGfiles.PatientMedicalHistory"/>
</testsuite>
