<?xml version="1.0" encoding="UTF-8"?>
<!-- Generated by org.testng.reporters.JUnitReportReporter -->
<testsuite hostname="KMM-DEV-10" name="testNGfiles.Loadurl" tests="1" failures="0" timestamp="23 Oct 2014 06:58:04 GMT" time="3.369" errors="0">
  <testcase name="getUrl" time="3.369" classname="testNGfiles.Loadurl"/>
</testsuite>
