<?xml version="1.0" encoding="UTF-8"?>
<!-- Generated by org.testng.reporters.JUnitReportReporter -->
<testsuite hostname="KMM-DEV-10" name="testNGfiles.MedicalCertificate" tests="3" failures="0" timestamp="23 Oct 2014 06:58:04 GMT" time="82.097" errors="0">
  <testcase name="DeleteRecord" time="21.035" classname="testNGfiles.MedicalCertificate"/>
  <testcase name="editData" time="31.859" classname="testNGfiles.MedicalCertificate"/>
  <testcase name="receiveData" time="29.203" classname="testNGfiles.MedicalCertificate"/>
</testsuite>
