<?xml version="1.0" encoding="UTF-8"?>
<!-- Generated by org.testng.reporters.JUnitReportReporter -->
<testsuite hostname="KMM-DEV-10" name="testNGfiles.RCSampleTest" tests="2" failures="0" timestamp="23 Oct 2014 06:58:04 GMT" time="283.187" errors="0">
  <testcase name="editPatient" time="46.207" classname="testNGfiles.RCSampleTest"/>
  <testcase name="receivePatientData" time="236.980" classname="testNGfiles.RCSampleTest"/>
</testsuite>
