<?xml version="1.0" encoding="UTF-8"?>
<!-- Generated by org.testng.reporters.JUnitReportReporter -->
<testsuite hostname="KMM-DEV-10" name="testNGfiles.PatientPersonalHistory" tests="2" failures="0" timestamp="23 Oct 2014 06:58:04 GMT" time="66.547" errors="0">
  <testcase name="EditPersonalHistory" time="39.294" classname="testNGfiles.PatientPersonalHistory"/>
  <testcase name="ReceivePersonalHistoryData" time="27.253" classname="testNGfiles.PatientPersonalHistory"/>
</testsuite>
