<?xml version="1.0" encoding="UTF-8"?>
<!-- Generated by org.testng.reporters.JUnitReportReporter -->
<testsuite hostname="KMM-DEV-10" name="testNGfiles.NextofKin" tests="2" failures="0" timestamp="23 Oct 2014 06:58:04 GMT" time="49.889" errors="0">
  <testcase name="editNOKDetails" time="24.305" classname="testNGfiles.NextofKin"/>
  <testcase name="receiveNOKData" time="25.584" classname="testNGfiles.NextofKin"/>
</testsuite>
