<?xml version="1.0" encoding="UTF-8"?>
<!-- Generated by org.testng.reporters.JUnitReportReporter -->
<testsuite hostname="KMM-DEV-10" name="testNGfiles.PatientSummary" tests="3" failures="0" timestamp="23 Oct 2014 06:58:04 GMT" time="42.121" errors="0">
  <testcase name="DeleteRecord" time="5.601" classname="testNGfiles.PatientSummary"/>
  <testcase name="EditRecord" time="11.637" classname="testNGfiles.PatientSummary"/>
  <testcase name="ReceiveComplaintData" time="24.883" classname="testNGfiles.PatientSummary"/>
</testsuite>
