<?xml version="1.0" encoding="UTF-8"?>
<!-- Generated by org.testng.reporters.JUnitReportReporter -->
<testsuite hostname="KMM-DEV-10" name="testNGfiles.Hospital" tests="2" failures="0" timestamp="23 Oct 2014 06:58:04 GMT" time="36.302" errors="0">
  <testcase name="editHospitalData" time="17.932" classname="testNGfiles.Hospital"/>
  <testcase name="receiveHospitalData" time="18.370" classname="testNGfiles.Hospital"/>
</testsuite>
